Using pre-set license
Built from '2022.3/release' branch; Version is '2022.3.20f1 (61c2feb0970d) revision 6406910'; Using compiler version '192829333'; Build Type 'Release'
OS: 'Windows 11  (10.0.22631) 64bit CoreN' Language: 'en' Physical Memory: 16221 MB
BatchMode: 1, IsHumanControllingUs: 0, StartBugReporterOnCrash: 0, Is64bit: 1, IsPro: 1

COMMAND LINE ARGUMENTS:
C:\Program Files\Unity\Hub\Editor\2022.3.20f1\Editor\Unity.exe
-adb2
-batchMode
-noUpm
-name
AssetImportWorker0
-projectPath
C:/Users/DIO/Documents/GitHub/AdventureOfSrikandi
-logFile
Logs/AssetImportWorker0.log
-srvPort
50400
Successfully changed project path to: C:/Users/DIO/Documents/GitHub/AdventureOfSrikandi
C:/Users/DIO/Documents/GitHub/AdventureOfSrikandi
[UnityMemory] Configuration Parameters - Can be set up in boot.config
    "memorysetup-bucket-allocator-granularity=16"
    "memorysetup-bucket-allocator-bucket-count=8"
    "memorysetup-bucket-allocator-block-size=33554432"
    "memorysetup-bucket-allocator-block-count=8"
    "memorysetup-main-allocator-block-size=16777216"
    "memorysetup-thread-allocator-block-size=16777216"
    "memorysetup-gfx-main-allocator-block-size=16777216"
    "memorysetup-gfx-thread-allocator-block-size=16777216"
    "memorysetup-cache-allocator-block-size=4194304"
    "memorysetup-typetree-allocator-block-size=2097152"
    "memorysetup-profiler-bucket-allocator-granularity=16"
    "memorysetup-profiler-bucket-allocator-bucket-count=8"
    "memorysetup-profiler-bucket-allocator-block-size=33554432"
    "memorysetup-profiler-bucket-allocator-block-count=8"
    "memorysetup-profiler-allocator-block-size=16777216"
    "memorysetup-profiler-editor-allocator-block-size=1048576"
    "memorysetup-temp-allocator-size-main=16777216"
    "memorysetup-job-temp-allocator-block-size=2097152"
    "memorysetup-job-temp-allocator-block-size-background=1048576"
    "memorysetup-job-temp-allocator-reduction-small-platforms=262144"
    "memorysetup-allocator-temp-initial-block-size-main=262144"
    "memorysetup-allocator-temp-initial-block-size-worker=262144"
    "memorysetup-temp-allocator-size-background-worker=32768"
    "memorysetup-temp-allocator-size-job-worker=262144"
    "memorysetup-temp-allocator-size-preload-manager=33554432"
    "memorysetup-temp-allocator-size-nav-mesh-worker=65536"
    "memorysetup-temp-allocator-size-audio-worker=65536"
    "memorysetup-temp-allocator-size-cloud-worker=32768"
    "memorysetup-temp-allocator-size-gi-baking-worker=262144"
    "memorysetup-temp-allocator-size-gfx=262144"
Player connection [11992] Host "[IP] 192.168.89.31 [Port] 0 [Flags] 2 [Guid] 1369687845 [EditorId] 1369687845 [Version] 1048832 [Id] WindowsEditor(7,DESKTOP-H5MNIP9) [Debug] 1 [PackageName] WindowsEditor [ProjectName] Editor" joined multi-casting on [225.0.0.222:54997]...

Player connection [11992] Host "[IP] 192.168.89.31 [Port] 0 [Flags] 2 [Guid] 1369687845 [EditorId] 1369687845 [Version] 1048832 [Id] WindowsEditor(7,DESKTOP-H5MNIP9) [Debug] 1 [PackageName] WindowsEditor [ProjectName] Editor" joined alternative multi-casting on [225.0.0.222:34997]...

[Physics::Module] Initialized MultithreadedJobDispatcher with 11 workers.
Refreshing native plugins compatible for Editor in 753.41 ms, found 4 plugins.
Preloading 0 native plugins for Editor in 0.00 ms.
Initialize engine version: 2022.3.20f1 (61c2feb0970d)
[Subsystems] Discovering subsystems at path C:/Program Files/Unity/Hub/Editor/2022.3.20f1/Editor/Data/Resources/UnitySubsystems
[Subsystems] Discovering subsystems at path C:/Users/DIO/Documents/GitHub/AdventureOfSrikandi/Assets
GfxDevice: creating device client; threaded=0; jobified=0
Direct3D:
    Version:  Direct3D 11.0 [level 11.1]
    Renderer: NVIDIA GeForce RTX 4060 Ti (ID=0x2803)
    Vendor:   NVIDIA
    VRAM:     7949 MB
    Driver:   31.0.15.5222
Initialize mono
Mono path[0] = 'C:/Program Files/Unity/Hub/Editor/2022.3.20f1/Editor/Data/Managed'
Mono path[1] = 'C:/Program Files/Unity/Hub/Editor/2022.3.20f1/Editor/Data/MonoBleedingEdge/lib/mono/unityjit-win32'
Mono config path = 'C:/Program Files/Unity/Hub/Editor/2022.3.20f1/Editor/Data/MonoBleedingEdge/etc'
Using monoOptions --debugger-agent=transport=dt_socket,embedding=1,server=y,suspend=n,address=127.0.0.1:56896
Begin MonoManager ReloadAssembly
Registering precompiled unity dll's ...
Register platform support module: C:/Program Files/Unity/Hub/Editor/2022.3.20f1/Editor/Data/PlaybackEngines/AndroidPlayer/UnityEditor.Android.Extensions.dll
Register platform support module: C:/Program Files/Unity/Hub/Editor/2022.3.20f1/Editor/Data/PlaybackEngines/WindowsStandaloneSupport/UnityEditor.WindowsStandalone.Extensions.dll
Registered in 0.206098 seconds.
- Loaded All Assemblies, in  3.253 seconds
Native extension for WindowsStandalone target not found
Native extension for Android target not found
Android Extension - Scanning For ADB Devices 160 ms
Mono: successfully reloaded assembly
- Finished resetting the current domain, in  0.455 seconds
Domain Reload Profiling: 3707ms
	BeginReloadAssembly (2399ms)
		ExecutionOrderSort (0ms)
		DisableScriptedObjects (0ms)
		BackupInstance (0ms)
		ReleaseScriptingObjects (0ms)
		CreateAndSetChildDomain (1ms)
	RebuildCommonClasses (22ms)
	RebuildNativeTypeToScriptingClass (7ms)
	initialDomainReloadingComplete (241ms)
	LoadAllAssembliesAndSetupDomain (582ms)
		LoadAssemblies (2399ms)
		RebuildTransferFunctionScriptingTraits (0ms)
		AnalyzeDomain (579ms)
			TypeCache.Refresh (578ms)
				TypeCache.ScanAssembly (379ms)
			ScanForSourceGeneratedMonoScriptInfo (0ms)
			ResolveRequiredComponents (0ms)
	FinalizeReload (455ms)
		ReleaseScriptCaches (0ms)
		RebuildScriptCaches (0ms)
		SetupLoadedEditorAssemblies (416ms)
			LogAssemblyErrors (0ms)
			InitializePlatformSupportModulesInManaged (303ms)
			SetLoadedEditorAssemblies (3ms)
			RefreshPlugins (0ms)
			BeforeProcessingInitializeOnLoad (1ms)
			ProcessInitializeOnLoadAttributes (74ms)
			ProcessInitializeOnLoadMethodAttributes (34ms)
			AfterProcessingInitializeOnLoad (0ms)
			EditorAssembliesLoaded (0ms)
		ExecutionOrderSort2 (0ms)
		AwakeInstancesAfterBackupRestoration (0ms)
========================================================================
Worker process is ready to serve import requests
Begin MonoManager ReloadAssembly
- Loaded All Assemblies, in  5.082 seconds
Refreshing native plugins compatible for Editor in 3.03 ms, found 4 plugins.
Native extension for WindowsStandalone target not found
Native extension for Android target not found
Package Manager log level set to [2]
[Package Manager] Server::EnsureServerProcessIsRunning -- launch failed, reason: Unity was launched with the -noUpm command-line argument
[Package Manager] UpmClient::Send -- Unable to send message (not connected to UPM process).
[Package Manager] Cannot connect to Unity Package Manager local server
Mono: successfully reloaded assembly
- Finished resetting the current domain, in  0.471 seconds
Domain Reload Profiling: 5551ms
	BeginReloadAssembly (106ms)
		ExecutionOrderSort (0ms)
		DisableScriptedObjects (5ms)
		BackupInstance (0ms)
		ReleaseScriptingObjects (0ms)
		CreateAndSetChildDomain (15ms)
	RebuildCommonClasses (22ms)
	RebuildNativeTypeToScriptingClass (7ms)
	initialDomainReloadingComplete (28ms)
	LoadAllAssembliesAndSetupDomain (4917ms)
		LoadAssemblies (4510ms)
		RebuildTransferFunctionScriptingTraits (0ms)
		AnalyzeDomain (468ms)
			TypeCache.Refresh (445ms)
				TypeCache.ScanAssembly (392ms)
			ScanForSourceGeneratedMonoScriptInfo (14ms)
			ResolveRequiredComponents (7ms)
	FinalizeReload (471ms)
		ReleaseScriptCaches (0ms)
		RebuildScriptCaches (0ms)
		SetupLoadedEditorAssemblies (327ms)
			LogAssemblyErrors (0ms)
			InitializePlatformSupportModulesInManaged (17ms)
			SetLoadedEditorAssemblies (3ms)
			RefreshPlugins (0ms)
			BeforeProcessingInitializeOnLoad (51ms)
			ProcessInitializeOnLoadAttributes (226ms)
			ProcessInitializeOnLoadMethodAttributes (27ms)
			AfterProcessingInitializeOnLoad (3ms)
			EditorAssembliesLoaded (0ms)
		ExecutionOrderSort2 (0ms)
		AwakeInstancesAfterBackupRestoration (4ms)
Launched and connected shader compiler UnityShaderCompiler.exe after 0.03 seconds
Refreshing native plugins compatible for Editor in 3.64 ms, found 4 plugins.
Preloading 0 native plugins for Editor in 0.00 ms.
Unloading 4038 Unused Serialized files (Serialized files now loaded: 0)
Unloading 71 unused Assets / (244.9 KB). Loaded Objects now: 4495.
Memory consumption went from 150.5 MB to 150.3 MB.
Total: 2.560300 ms (FindLiveObjects: 0.178000 ms CreateObjectMapping: 0.090900 ms MarkObjects: 2.136500 ms  DeleteObjects: 0.154200 ms)

AssetImportParameters requested are different than current active one (requested -> active):
  custom:container-demuxer-ogg: 62fdf1f143b41e24485cea50d1cbac27 -> 
  custom:video-decoder-ogg-theora: a1e56fd34408186e4bbccfd4996cb3dc -> 
  custom:framework-win-MediaFoundation: 216162199b28c13a410421893ffa2e32 -> 
  custom:CustomObjectIndexerAttribute: 6d391050e5a25f67b0a2c618074f2cd9 -> 
  custom:container-demuxer-webm: 4f35f7cbe854078d1ac9338744f61a02 -> 
  custom:container-muxer-webm: aa71ff27fc2769a1b78a27578f13a17b -> 
  custom:video-decoder-webm-vp8: 9c59270c3fd7afecdb556c50c9e8de78 -> 
  custom:SearchIndexIgnoredProperties: e643bd26f0fe6173181afceb89e7c659 -> 
  custom:AudioImporter_EditorPlatform: d09bf68614088b80899f8185d706f6e7 -> 
  custom:video-encoder-webm-vp8: eb34c28f22e8b96e1ab97ce403110664 -> 
  custom:audio-decoder-ogg-vorbis: bf7c407c2cedff20999df2af8eb42d56 -> 
  custom:audio-encoder-webm-vorbis: bf7c407c2cedff20999df2af8eb42d56 -> 
========================================================================
Received Import Request.
  Time since last request: 913.083936 seconds.
  path: Assets/Our Team/Platformer/Untitled_Artwork2.png
  artifactKey: Guid(876eebd2763ca874283a358a1eb24a0e) Importer(815301076,1909f56bfc062723c751e8b465ee728b)
Start importing Assets/Our Team/Platformer/Untitled_Artwork2.png using Guid(876eebd2763ca874283a358a1eb24a0e) Importer(815301076,1909f56bfc062723c751e8b465ee728b)  -> (artifact id: 'd3e5b4cd83eee85da9525798c418a821') in 0.058038 seconds
Number of updated asset objects reloaded before import = 0
Number of asset objects unloaded after import = 3
========================================================================
Received Import Request.
  Time since last request: 4.764257 seconds.
  path: Assets/Our Team/Platformer/Untitled_Artwork2.png
  artifactKey: Guid(876eebd2763ca874283a358a1eb24a0e) Importer(815301076,1909f56bfc062723c751e8b465ee728b)
Start importing Assets/Our Team/Platformer/Untitled_Artwork2.png using Guid(876eebd2763ca874283a358a1eb24a0e) Importer(815301076,1909f56bfc062723c751e8b465ee728b)  -> (artifact id: 'cef820012a428dafd3b7085beac11ba4') in 0.012024 seconds
Number of updated asset objects reloaded before import = 0
Number of asset objects unloaded after import = 3
========================================================================
Received Import Request.
  Time since last request: 5.161060 seconds.
  path: Assets/Our Team/Platformer/Untitled_Artwork2.png
  artifactKey: Guid(876eebd2763ca874283a358a1eb24a0e) Importer(815301076,1909f56bfc062723c751e8b465ee728b)
Start importing Assets/Our Team/Platformer/Untitled_Artwork2.png using Guid(876eebd2763ca874283a358a1eb24a0e) Importer(815301076,1909f56bfc062723c751e8b465ee728b)  -> (artifact id: 'c32cb0a63fdcad262b8d1d9806a247fa') in 0.016515 seconds
Number of updated asset objects reloaded before import = 0
Number of asset objects unloaded after import = 3
========================================================================
Received Import Request.
  Time since last request: 43.351861 seconds.
  path: Assets/Our Team/Platformer/short.png
  artifactKey: Guid(4be6ee71ae8d76c4fa30c4ff1e0f8ed5) Importer(815301076,1909f56bfc062723c751e8b465ee728b)
Start importing Assets/Our Team/Platformer/short.png using Guid(4be6ee71ae8d76c4fa30c4ff1e0f8ed5) Importer(815301076,1909f56bfc062723c751e8b465ee728b)  -> (artifact id: '12b5c20c3063187d1fe66a361f797f21') in 0.030897 seconds
Number of updated asset objects reloaded before import = 0
Number of asset objects unloaded after import = 3
========================================================================
Received Import Request.
  Time since last request: 59.275009 seconds.
  path: Assets/Our Team/Platformer/Untitled_Artwork(1).png
  artifactKey: Guid(5fa4498cb2fbecb4bb313818c2e665cd) Importer(815301076,1909f56bfc062723c751e8b465ee728b)
Start importing Assets/Our Team/Platformer/Untitled_Artwork(1).png using Guid(5fa4498cb2fbecb4bb313818c2e665cd) Importer(815301076,1909f56bfc062723c751e8b465ee728b)  -> (artifact id: '9b55c8bc7f923e24d24d74fa62ea9857') in 0.017657 seconds
Number of updated asset objects reloaded before import = 0
Number of asset objects unloaded after import = 3
========================================================================
Received Import Request.
  Time since last request: 5.996563 seconds.
  path: Assets/Our Team/Platformer/Untitled_Artwork(1).png
  artifactKey: Guid(5fa4498cb2fbecb4bb313818c2e665cd) Importer(815301076,1909f56bfc062723c751e8b465ee728b)
Start importing Assets/Our Team/Platformer/Untitled_Artwork(1).png using Guid(5fa4498cb2fbecb4bb313818c2e665cd) Importer(815301076,1909f56bfc062723c751e8b465ee728b)  -> (artifact id: 'aa9346d22869f50bf712560e2fd3f428') in 0.016041 seconds
Number of updated asset objects reloaded before import = 0
Number of asset objects unloaded after import = 3
========================================================================
Received Import Request.
  Time since last request: 11.400222 seconds.
  path: Assets/Our Team/Platformer/Untitled_Artwork(1).png
  artifactKey: Guid(5fa4498cb2fbecb4bb313818c2e665cd) Importer(815301076,1909f56bfc062723c751e8b465ee728b)
Start importing Assets/Our Team/Platformer/Untitled_Artwork(1).png using Guid(5fa4498cb2fbecb4bb313818c2e665cd) Importer(815301076,1909f56bfc062723c751e8b465ee728b)  -> (artifact id: '2a6d6c086e146e316c69f60231951723') in 0.025878 seconds
Number of updated asset objects reloaded before import = 0
Number of asset objects unloaded after import = 3
========================================================================
Received Import Request.
  Time since last request: 28.144730 seconds.
  path: Assets/Our Team/Platformer/Untitled_Artwork.png
  artifactKey: Guid(caf289b9ddb8c3c498a9c766ee9885da) Importer(815301076,1909f56bfc062723c751e8b465ee728b)
Start importing Assets/Our Team/Platformer/Untitled_Artwork.png using Guid(caf289b9ddb8c3c498a9c766ee9885da) Importer(815301076,1909f56bfc062723c751e8b465ee728b)  -> (artifact id: '9de6d14faf540e37af57b5c4b4a618d7') in 0.019131 seconds
Number of updated asset objects reloaded before import = 0
Number of asset objects unloaded after import = 3
========================================================================
Received Import Request.
  Time since last request: 568.713398 seconds.
  path: Assets/Our Team/Platformer/prefab/GameObject (1).prefab
  artifactKey: Guid(393997e7e87288e49ba523b5a085c114) Importer(815301076,1909f56bfc062723c751e8b465ee728b)
Start importing Assets/Our Team/Platformer/prefab/GameObject (1).prefab using Guid(393997e7e87288e49ba523b5a085c114) Importer(815301076,1909f56bfc062723c751e8b465ee728b)  -> (artifact id: '04f616950366ad99dafedaeb77881853') in 0.041029 seconds
Number of updated asset objects reloaded before import = 0
Number of asset objects unloaded after import = 13
========================================================================
Received Import Request.
  Time since last request: 373.816117 seconds.
  path: Assets/Our Team/Platformer/prefab/GameObject.prefab
  artifactKey: Guid(23c90bb26d35db041b10fe066c0748ed) Importer(815301076,1909f56bfc062723c751e8b465ee728b)
Start importing Assets/Our Team/Platformer/prefab/GameObject.prefab using Guid(23c90bb26d35db041b10fe066c0748ed) Importer(815301076,1909f56bfc062723c751e8b465ee728b)  -> (artifact id: 'a7b4fcc581718a61e2c0759f78129887') in 0.014651 seconds
Number of updated asset objects reloaded before import = 0
Number of asset objects unloaded after import = 29
========================================================================
Received Import Request.
  Time since last request: 93.858199 seconds.
  path: Assets/Our Team/Prefab
  artifactKey: Guid(0d8107aa8df00cf48948d12b07dd334e) Importer(815301076,1909f56bfc062723c751e8b465ee728b)
Start importing Assets/Our Team/Prefab using Guid(0d8107aa8df00cf48948d12b07dd334e) Importer(815301076,1909f56bfc062723c751e8b465ee728b)  -> (artifact id: '367bab899c4c8fb860a81cab602c86da') in 0.000766 seconds
Number of updated asset objects reloaded before import = 0
Number of asset objects unloaded after import = 0
========================================================================
Received Import Request.
  Time since last request: 8.431928 seconds.
  path: Assets/Our Team/Prefab/peti harta karun.prefab
  artifactKey: Guid(6fca0164bb5b36246a7a89e03abdcf41) Importer(815301076,1909f56bfc062723c751e8b465ee728b)
Start importing Assets/Our Team/Prefab/peti harta karun.prefab using Guid(6fca0164bb5b36246a7a89e03abdcf41) Importer(815301076,1909f56bfc062723c751e8b465ee728b)  -> (artifact id: '59a2c0744339d82af9cdfd641c0b1744') in 0.032471 seconds
Number of updated asset objects reloaded before import = 0
Number of asset objects unloaded after import = 12
========================================================================
Received Import Request.
  Time since last request: 28.286729 seconds.
  path: Assets/Our Team/peti harta karun-02.png
  artifactKey: Guid(6896b87bbd463924aac741fe9dbea1e5) Importer(815301076,1909f56bfc062723c751e8b465ee728b)
Start importing Assets/Our Team/peti harta karun-02.png using Guid(6896b87bbd463924aac741fe9dbea1e5) Importer(815301076,1909f56bfc062723c751e8b465ee728b)  -> (artifact id: '5d6e444b97ca3cebe6fc2ef78256f604') in 0.026514 seconds
Number of updated asset objects reloaded before import = 0
Number of asset objects unloaded after import = 3
========================================================================
Received Import Request.
  Time since last request: 229.534822 seconds.
  path: Assets/Our Team/player/jalan 0.PNG
  artifactKey: Guid(7c90283a55c304d48b0a9c9825677cd2) Importer(815301076,1909f56bfc062723c751e8b465ee728b)
Start importing Assets/Our Team/player/jalan 0.PNG using Guid(7c90283a55c304d48b0a9c9825677cd2) Importer(815301076,1909f56bfc062723c751e8b465ee728b)  -> (artifact id: 'b2681edd304ffa4bdaeb4a25aef51a0f') in 0.030504 seconds
Number of updated asset objects reloaded before import = 0
Number of asset objects unloaded after import = 3
========================================================================
Received Import Request.
  Time since last request: 0.000016 seconds.
  path: Assets/Our Team/player/jatuh.PNG
  artifactKey: Guid(b83cbc7a240476c429ba33f54e296b7e) Importer(815301076,1909f56bfc062723c751e8b465ee728b)
Start importing Assets/Our Team/player/jatuh.PNG using Guid(b83cbc7a240476c429ba33f54e296b7e) Importer(815301076,1909f56bfc062723c751e8b465ee728b)  -> (artifact id: '944c41ffda21926d287a9e18e939cb0a') in 0.033745 seconds
Number of updated asset objects reloaded before import = 0
Number of asset objects unloaded after import = 3
========================================================================
Received Import Request.
  Time since last request: 0.000017 seconds.
  path: Assets/Our Team/player/lompat 1.PNG
  artifactKey: Guid(c7127d3ff8dc27f4fae1f61b8d66589e) Importer(815301076,1909f56bfc062723c751e8b465ee728b)
Start importing Assets/Our Team/player/lompat 1.PNG using Guid(c7127d3ff8dc27f4fae1f61b8d66589e) Importer(815301076,1909f56bfc062723c751e8b465ee728b)  -> (artifact id: 'acae3cf8d2bb30b9ad68b482dafe405c') in 0.017787 seconds
Number of updated asset objects reloaded before import = 0
Number of asset objects unloaded after import = 3
========================================================================
Received Import Request.
  Time since last request: 0.000020 seconds.
  path: Assets/Our Team/player/lompat 2.PNG
  artifactKey: Guid(4a26948cc50cde943ab024ab881973a0) Importer(815301076,1909f56bfc062723c751e8b465ee728b)
Start importing Assets/Our Team/player/lompat 2.PNG using Guid(4a26948cc50cde943ab024ab881973a0) Importer(815301076,1909f56bfc062723c751e8b465ee728b)  -> (artifact id: 'fda6e5be462f1564e4b94f06d8c0d47d') in 0.016872 seconds
Number of updated asset objects reloaded before import = 0
Number of asset objects unloaded after import = 3
Editor requested this worker to shutdown with reason: Scaling down because of idle timeout
TcpMessagingSession - receive error: operation aborted. errorcode: 995, details: The I/O operation has been aborted because of either a thread exit or an application request.
AssetImportWorker is now disconnected from the server
Process exiting
Exiting without the bug reporter. Application will terminate with return code 0